# JRE version: Java(TM) SE Runtime Environment (8.0_121-b13) (build 1.8.0_121-b13)
# Java VM: Java HotSpot(TM) 64-Bit Server VM (25.121-b13 mixed mode windows-amd64 compressed oops)
Heap:
 PSYoungGen      total 211968K, used 39123K [0x0000000758700000, 0x0000000766d80000, 0x00000007c0000000)
  eden space 199680K, 19% used [0x0000000758700000,0x000000075ad34e10,0x0000000764a00000)
  from space 12288K, 0% used [0x0000000765600000,0x0000000765600000,0x0000000766200000)
  to   space 12288K, 0% used [0x0000000764a00000,0x0000000764a00000,0x0000000765600000)
 ParOldGen       total 186368K, used 16467K [0x0000000689400000, 0x0000000694a00000, 0x0000000758700000)
  object space 186368K, 8% used [0x0000000689400000,0x000000068a414f38,0x0000000694a00000)
 Metaspace       used 37471K, capacity 39328K, committed 39680K, reserved 1083392K
  class space    used 4945K, capacity 5328K, committed 5376K, reserved 1048576K
GC Heap History (10 events):
Event: 12.865 GC heap before
{Heap before GC invocations=6 (full 1):
 PSYoungGen      total 93184K, used 85312K [0x0000000758700000, 0x0000000761680000, 0x00000007c0000000)
  eden space 79872K, 100% used [0x0000000758700000,0x000000075d500000,0x000000075d500000)
  from space 13312K, 40% used [0x000000075e200000,0x000000075e750388,0x000000075ef00000)
  to   space 13312K, 0% used [0x000000075d500000,0x000000075d500000,0x000000075e200000)
 ParOldGen       total 125952K, used 8610K [0x0000000689400000, 0x0000000690f00000, 0x0000000758700000)
  object space 125952K, 6% used [0x0000000689400000,0x0000000689c68930,0x0000000690f00000)
 Metaspace       used 23651K, capacity 24702K, committed 24832K, reserved 1071104K
  class space    used 3232K, capacity 3491K, committed 3584K, reserved 1048576K
Event: 12.872 GC heap after
Heap after GC invocations=6 (full 1):
 PSYoungGen      total 93184K, used 6206K [0x0000000758700000, 0x0000000761380000, 0x00000007c0000000)
  eden space 79872K, 0% used [0x0000000758700000,0x0000000758700000,0x000000075d500000)
  from space 13312K, 46% used [0x000000075d500000,0x000000075db0f950,0x000000075e200000)
  to   space 10240K, 0% used [0x0000000760980000,0x0000000760980000,0x0000000761380000)
 ParOldGen       total 125952K, used 8618K [0x0000000689400000, 0x0000000690f00000, 0x0000000758700000)
  object space 125952K, 6% used [0x0000000689400000,0x0000000689c6a930,0x0000000690f00000)
 Metaspace       used 23651K, capacity 24702K, committed 24832K, reserved 1071104K
  class space    used 3232K, capacity 3491K, committed 3584K, reserved 1048576K
}
Event: 13.958 GC heap before
{Heap before GC invocations=7 (full 1):
 PSYoungGen      total 93184K, used 86078K [0x0000000758700000, 0x0000000761380000, 0x00000007c0000000)
  eden space 79872K, 100% used [0x0000000758700000,0x000000075d500000,0x000000075d500000)
  from space 13312K, 46% used [0x000000075d500000,0x000000075db0f950,0x000000075e200000)
  to   space 10240K, 0% used [0x0000000760980000,0x0000000760980000,0x0000000761380000)
 ParOldGen       total 125952K, used 8618K [0x0000000689400000, 0x0000000690f00000, 0x0000000758700000)
  object space 125952K, 6% used [0x0000000689400000,0x0000000689c6a930,0x0000000690f00000)
 Metaspace       used 26367K, capacity 27518K, committed 27776K, reserved 1073152K
  class space    used 3626K, capacity 3881K, committed 3968K, reserved 1048576K
Event: 13.972 GC heap after
Heap after GC invocations=7 (full 1):
 PSYoungGen      total 133632K, used 8470K [0x0000000758700000, 0x0000000761700000, 0x00000007c0000000)
  eden space 123392K, 0% used [0x0000000758700000,0x0000000758700000,0x000000075ff80000)
  from space 10240K, 82% used [0x0000000760980000,0x00000007611c5a10,0x0000000761380000)
  to   space 10240K, 0% used [0x000000075ff80000,0x000000075ff80000,0x0000000760980000)
 ParOldGen       total 125952K, used 8626K [0x0000000689400000, 0x0000000690f00000, 0x0000000758700000)
  object space 125952K, 6% used [0x0000000689400000,0x0000000689c6c930,0x0000000690f00000)
 Metaspace       used 26367K, capacity 27518K, committed 27776K, reserved 1073152K
  class space    used 3626K, capacity 3881K, committed 3968K, reserved 1048576K
}
Event: 15.554 GC heap before
{Heap before GC invocations=8 (full 1):
 PSYoungGen      total 133632K, used 131862K [0x0000000758700000, 0x0000000761700000, 0x00000007c0000000)
  eden space 123392K, 100% used [0x0000000758700000,0x000000075ff80000,0x000000075ff80000)
  from space 10240K, 82% used [0x0000000760980000,0x00000007611c5a10,0x0000000761380000)
  to   space 10240K, 0% used [0x000000075ff80000,0x000000075ff80000,0x0000000760980000)
 ParOldGen       total 125952K, used 8626K [0x0000000689400000, 0x0000000690f00000, 0x0000000758700000)
  object space 125952K, 6% used [0x0000000689400000,0x0000000689c6c930,0x0000000690f00000)
 Metaspace       used 31511K, capacity 33292K, committed 33536K, reserved 1079296K
  class space    used 4220K, capacity 4576K, committed 4608K, reserved 1048576K
Event: 15.574 GC heap after
Heap after GC invocations=8 (full 1):
 PSYoungGen      total 133632K, used 10231K [0x0000000758700000, 0x0000000766200000, 0x00000007c0000000)
  eden space 123392K, 0% used [0x0000000758700000,0x0000000758700000,0x000000075ff80000)
  from space 10240K, 99% used [0x000000075ff80000,0x000000076097de60,0x0000000760980000)
  to   space 12288K, 0% used [0x0000000765600000,0x0000000765600000,0x0000000766200000)
 ParOldGen       total 125952K, used 9966K [0x0000000689400000, 0x0000000690f00000, 0x0000000758700000)
  object space 125952K, 7% used [0x0000000689400000,0x0000000689dbba88,0x0000000690f00000)
 Metaspace       used 31511K, capacity 33292K, committed 33536K, reserved 1079296K
  class space    used 4220K, capacity 4576K, committed 4608K, reserved 1048576K
}
Event: 16.348 GC heap before
{Heap before GC invocations=9 (full 1):
 PSYoungGen      total 133632K, used 65849K [0x0000000758700000, 0x0000000766200000, 0x00000007c0000000)
  eden space 123392K, 45% used [0x0000000758700000,0x000000075bd507e8,0x000000075ff80000)
  from space 10240K, 99% used [0x000000075ff80000,0x000000076097de60,0x0000000760980000)
  to   space 12288K, 0% used [0x0000000765600000,0x0000000765600000,0x0000000766200000)
 ParOldGen       total 125952K, used 9966K [0x0000000689400000, 0x0000000690f00000, 0x0000000758700000)
  object space 125952K, 7% used [0x0000000689400000,0x0000000689dbba88,0x0000000690f00000)
 Metaspace       used 33651K, capacity 35444K, committed 35496K, reserved 1079296K
  class space    used 4527K, capacity 4860K, committed 4864K, reserved 1048576K
Event: 16.371 GC heap after
Heap after GC invocations=9 (full 1):
 PSYoungGen      total 211968K, used 9367K [0x0000000758700000, 0x0000000766d80000, 0x00000007c0000000)
  eden space 199680K, 0% used [0x0000000758700000,0x0000000758700000,0x0000000764a00000)
  from space 12288K, 76% used [0x0000000765600000,0x0000000765f25c58,0x0000000766200000)
  to   space 12288K, 0% used [0x0000000764a00000,0x0000000764a00000,0x0000000765600000)
 ParOldGen       total 125952K, used 11806K [0x0000000689400000, 0x0000000690f00000, 0x0000000758700000)
  object space 125952K, 9% used [0x0000000689400000,0x0000000689f87a88,0x0000000690f00000)
 Metaspace       used 33651K, capacity 35444K, committed 35496K, reserved 1079296K
  class space    used 4527K, capacity 4860K, committed 4864K, reserved 1048576K
}
Event: 16.371 GC heap before
{Heap before GC invocations=10 (full 2):
 PSYoungGen      total 211968K, used 9367K [0x0000000758700000, 0x0000000766d80000, 0x00000007c0000000)
  eden space 199680K, 0% used [0x0000000758700000,0x0000000758700000,0x0000000764a00000)
  from space 12288K, 76% used [0x0000000765600000,0x0000000765f25c58,0x0000000766200000)
  to   space 12288K, 0% used [0x0000000764a00000,0x0000000764a00000,0x0000000765600000)
 ParOldGen       total 125952K, used 11806K [0x0000000689400000, 0x0000000690f00000, 0x0000000758700000)
  object space 125952K, 9% used [0x0000000689400000,0x0000000689f87a88,0x0000000690f00000)
 Metaspace       used 33651K, capacity 35444K, committed 35496K, reserved 1079296K
  class space    used 4527K, capacity 4860K, committed 4864K, reserved 1048576K
Event: 16.477 GC heap after
Heap after GC invocations=10 (full 2):
 PSYoungGen      total 211968K, used 0K [0x0000000758700000, 0x0000000766d80000, 0x00000007c0000000)
  eden space 199680K, 0% used [0x0000000758700000,0x0000000758700000,0x0000000764a00000)
  from space 12288K, 0% used [0x0000000765600000,0x0000000765600000,0x0000000766200000)
  to   space 12288K, 0% used [0x0000000764a00000,0x0000000764a00000,0x0000000765600000)
 ParOldGen       total 186368K, used 16467K [0x0000000689400000, 0x0000000694a00000, 0x0000000758700000)
  object space 186368K, 8% used [0x0000000689400000,0x000000068a414f38,0x0000000694a00000)
 Metaspace       used 33651K, capacity 35444K, committed 35496K, reserved 1079296K
  class space    used 4527K, capacity 4860K, committed 4864K, reserved 1048576K
}

