# JRE version: Java(TM) SE Runtime Environment (8.0_121-b13) (build 1.8.0_121-b13)
# Java VM: Java HotSpot(TM) 64-Bit Server VM (25.121-b13 mixed mode windows-amd64 compressed oops)
Heap:
 PSYoungGen      total 212992K, used 205317K [0x0000000758700000, 0x0000000766f00000, 0x00000007c0000000)
  eden space 201216K, 96% used [0x0000000758700000,0x00000007644037b0,0x0000000764b80000)
  from space 11776K, 99% used [0x0000000764b80000,0x00000007656fdfc0,0x0000000765700000)
  to   space 11776K, 0% used [0x0000000765700000,0x0000000765700000,0x0000000766280000)
 ParOldGen       total 177664K, used 20971K [0x0000000689400000, 0x0000000694180000, 0x0000000758700000)
  object space 177664K, 11% used [0x0000000689400000,0x000000068a87acc0,0x0000000694180000)
 Metaspace       used 53311K, capacity 56243K, committed 56320K, reserved 1097728K
  class space    used 7135K, capacity 7663K, committed 7680K, reserved 1048576K
GC Heap History (10 events):
Event: 12.950 GC heap before
{Heap before GC invocations=7 (full 1):
 PSYoungGen      total 93184K, used 86179K [0x0000000758700000, 0x0000000761400000, 0x00000007c0000000)
  eden space 79872K, 100% used [0x0000000758700000,0x000000075d500000,0x000000075d500000)
  from space 13312K, 47% used [0x000000075d500000,0x000000075db28dc0,0x000000075e200000)
  to   space 9728K, 0% used [0x0000000760a80000,0x0000000760a80000,0x0000000761400000)
 ParOldGen       total 122368K, used 8369K [0x0000000689400000, 0x0000000690b80000, 0x0000000758700000)
  object space 122368K, 6% used [0x0000000689400000,0x0000000689c2c4f0,0x0000000690b80000)
 Metaspace       used 26493K, capacity 27665K, committed 27776K, reserved 1073152K
  class space    used 3641K, capacity 3887K, committed 3968K, reserved 1048576K
Event: 12.963 GC heap after
Heap after GC invocations=7 (full 1):
 PSYoungGen      total 134144K, used 8220K [0x0000000758700000, 0x0000000761800000, 0x00000007c0000000)
  eden space 124416K, 0% used [0x0000000758700000,0x0000000758700000,0x0000000760080000)
  from space 9728K, 84% used [0x0000000760a80000,0x00000007612871f8,0x0000000761400000)
  to   space 10240K, 0% used [0x0000000760080000,0x0000000760080000,0x0000000760a80000)
 ParOldGen       total 122368K, used 8369K [0x0000000689400000, 0x0000000690b80000, 0x0000000758700000)
  object space 122368K, 6% used [0x0000000689400000,0x0000000689c2c4f0,0x0000000690b80000)
 Metaspace       used 26493K, capacity 27665K, committed 27776K, reserved 1073152K
  class space    used 3641K, capacity 3887K, committed 3968K, reserved 1048576K
}
Event: 14.570 GC heap before
{Heap before GC invocations=8 (full 1):
 PSYoungGen      total 134144K, used 132636K [0x0000000758700000, 0x0000000761800000, 0x00000007c0000000)
  eden space 124416K, 100% used [0x0000000758700000,0x0000000760080000,0x0000000760080000)
  from space 9728K, 84% used [0x0000000760a80000,0x00000007612871f8,0x0000000761400000)
  to   space 10240K, 0% used [0x0000000760080000,0x0000000760080000,0x0000000760a80000)
 ParOldGen       total 122368K, used 8369K [0x0000000689400000, 0x0000000690b80000, 0x0000000758700000)
  object space 122368K, 6% used [0x0000000689400000,0x0000000689c2c4f0,0x0000000690b80000)
 Metaspace       used 32066K, capacity 33925K, committed 34176K, reserved 1079296K
  class space    used 4302K, capacity 4679K, committed 4736K, reserved 1048576K
Event: 14.589 GC heap after
Heap after GC invocations=8 (full 1):
 PSYoungGen      total 134656K, used 10216K [0x0000000758700000, 0x0000000766280000, 0x00000007c0000000)
  eden space 124416K, 0% used [0x0000000758700000,0x0000000758700000,0x0000000760080000)
  from space 10240K, 99% used [0x0000000760080000,0x0000000760a7a2b0,0x0000000760a80000)
  to   space 11776K, 0% used [0x0000000765700000,0x0000000765700000,0x0000000766280000)
 ParOldGen       total 122368K, used 10251K [0x0000000689400000, 0x0000000690b80000, 0x0000000758700000)
  object space 122368K, 8% used [0x0000000689400000,0x0000000689e02fd8,0x0000000690b80000)
 Metaspace       used 32066K, capacity 33925K, committed 34176K, reserved 1079296K
  class space    used 4302K, capacity 4679K, committed 4736K, reserved 1048576K
}
Event: 15.112 GC heap before
{Heap before GC invocations=9 (full 1):
 PSYoungGen      total 134656K, used 57382K [0x0000000758700000, 0x0000000766280000, 0x00000007c0000000)
  eden space 124416K, 37% used [0x0000000758700000,0x000000075b50f600,0x0000000760080000)
  from space 10240K, 99% used [0x0000000760080000,0x0000000760a7a2b0,0x0000000760a80000)
  to   space 11776K, 0% used [0x0000000765700000,0x0000000765700000,0x0000000766280000)
 ParOldGen       total 122368K, used 10251K [0x0000000689400000, 0x0000000690b80000, 0x0000000758700000)
  object space 122368K, 8% used [0x0000000689400000,0x0000000689e02fd8,0x0000000690b80000)
 Metaspace       used 33492K, capacity 35313K, committed 35496K, reserved 1079296K
  class space    used 4508K, capacity 4843K, committed 4864K, reserved 1048576K
Event: 15.129 GC heap after
Heap after GC invocations=9 (full 1):
 PSYoungGen      total 212992K, used 8678K [0x0000000758700000, 0x0000000766f00000, 0x00000007c0000000)
  eden space 201216K, 0% used [0x0000000758700000,0x0000000758700000,0x0000000764b80000)
  from space 11776K, 73% used [0x0000000765700000,0x0000000765f79850,0x0000000766280000)
  to   space 11776K, 0% used [0x0000000764b80000,0x0000000764b80000,0x0000000765700000)
 ParOldGen       total 122368K, used 12099K [0x0000000689400000, 0x0000000690b80000, 0x0000000758700000)
  object space 122368K, 9% used [0x0000000689400000,0x0000000689fd0fd8,0x0000000690b80000)
 Metaspace       used 33492K, capacity 35313K, committed 35496K, reserved 1079296K
  class space    used 4508K, capacity 4843K, committed 4864K, reserved 1048576K
}
Event: 15.129 GC heap before
{Heap before GC invocations=10 (full 2):
 PSYoungGen      total 212992K, used 8678K [0x0000000758700000, 0x0000000766f00000, 0x00000007c0000000)
  eden space 201216K, 0% used [0x0000000758700000,0x0000000758700000,0x0000000764b80000)
  from space 11776K, 73% used [0x0000000765700000,0x0000000765f79850,0x0000000766280000)
  to   space 11776K, 0% used [0x0000000764b80000,0x0000000764b80000,0x0000000765700000)
 ParOldGen       total 122368K, used 12099K [0x0000000689400000, 0x0000000690b80000, 0x0000000758700000)
  object space 122368K, 9% used [0x0000000689400000,0x0000000689fd0fd8,0x0000000690b80000)
 Metaspace       used 33492K, capacity 35313K, committed 35496K, reserved 1079296K
  class space    used 4508K, capacity 4843K, committed 4864K, reserved 1048576K
Event: 15.221 GC heap after
Heap after GC invocations=10 (full 2):
 PSYoungGen      total 212992K, used 0K [0x0000000758700000, 0x0000000766f00000, 0x00000007c0000000)
  eden space 201216K, 0% used [0x0000000758700000,0x0000000758700000,0x0000000764b80000)
  from space 11776K, 0% used [0x0000000765700000,0x0000000765700000,0x0000000766280000)
  to   space 11776K, 0% used [0x0000000764b80000,0x0000000764b80000,0x0000000765700000)
 ParOldGen       total 177664K, used 15944K [0x0000000689400000, 0x0000000694180000, 0x0000000758700000)
  object space 177664K, 8% used [0x0000000689400000,0x000000068a3920c0,0x0000000694180000)
 Metaspace       used 33492K, capacity 35313K, committed 35496K, reserved 1079296K
  class space    used 4508K, capacity 4843K, committed 4864K, reserved 1048576K
}
Event: 18.951 GC heap before
{Heap before GC invocations=11 (full 2):
 PSYoungGen      total 212992K, used 201216K [0x0000000758700000, 0x0000000766f00000, 0x00000007c0000000)
  eden space 201216K, 100% used [0x0000000758700000,0x0000000764b80000,0x0000000764b80000)
  from space 11776K, 0% used [0x0000000765700000,0x0000000765700000,0x0000000766280000)
  to   space 11776K, 0% used [0x0000000764b80000,0x0000000764b80000,0x0000000765700000)
 ParOldGen       total 177664K, used 15944K [0x0000000689400000, 0x0000000694180000, 0x0000000758700000)
  object space 177664K, 8% used [0x0000000689400000,0x000000068a3920c0,0x0000000694180000)
 Metaspace       used 46068K, capacity 48351K, committed 48640K, reserved 1091584K
  class space    used 6108K, capacity 6562K, committed 6656K, reserved 1048576K
Event: 18.979 GC heap after
Heap after GC invocations=11 (full 2):
 PSYoungGen      total 212992K, used 11767K [0x0000000758700000, 0x0000000766f00000, 0x00000007c0000000)
  eden space 201216K, 0% used [0x0000000758700000,0x0000000758700000,0x0000000764b80000)
  from space 11776K, 99% used [0x0000000764b80000,0x00000007656fdfc0,0x0000000765700000)
  to   space 11776K, 0% used [0x0000000765700000,0x0000000765700000,0x0000000766280000)
 ParOldGen       total 177664K, used 20971K [0x0000000689400000, 0x0000000694180000, 0x0000000758700000)
  object space 177664K, 11% used [0x0000000689400000,0x000000068a87acc0,0x0000000694180000)
 Metaspace       used 46068K, capacity 48351K, committed 48640K, reserved 1091584K
  class space    used 6108K, capacity 6562K, committed 6656K, reserved 1048576K
}

